@!@!@STARTMSG 2262:0 @!@!@
TLC2 Version 2.09 of 28 January 2016
@!@!@ENDMSG 2262 @!@!@
@!@!@STARTMSG 2187:0 @!@!@
Running in Model-Checking mode with 4 workers.
@!@!@ENDMSG 2187 @!@!@
@!@!@STARTMSG 2220:0 @!@!@
Starting SANY...
@!@!@ENDMSG 2220 @!@!@
Parsing file MC.tla
Parsing file example.tla
Parsing file /snap/tlaplus/2/toolbox/plugins/org.lamport.tlatools_1.0.0.201701200352/tla2sany/StandardModules/TLC.tla
Parsing file /snap/tlaplus/2/toolbox/plugins/org.lamport.tlatools_1.0.0.201701200352/tla2sany/StandardModules/Integers.tla
Parsing file /snap/tlaplus/2/toolbox/plugins/org.lamport.tlatools_1.0.0.201701200352/tla2sany/StandardModules/Naturals.tla
Parsing file /snap/tlaplus/2/toolbox/plugins/org.lamport.tlatools_1.0.0.201701200352/tla2sany/StandardModules/Sequences.tla
Semantic processing of module Naturals
Semantic processing of module Integers
Semantic processing of module Sequences
Semantic processing of module TLC
Semantic processing of module example
Semantic processing of module MC
@!@!@STARTMSG 2219:0 @!@!@
SANY finished.
@!@!@ENDMSG 2219 @!@!@
@!@!@STARTMSG 2185:0 @!@!@
Starting... (2019-05-05 10:02:06)
@!@!@ENDMSG 2185 @!@!@
<<"$!@$!@$!@$!@$!", 2>>
@!@!@STARTMSG 2189:0 @!@!@
Computing initial states...
@!@!@ENDMSG 2189 @!@!@
@!@!@STARTMSG 2190:0 @!@!@
Finished computing initial states: 5 distinct states generated.
@!@!@ENDMSG 2190 @!@!@
@!@!@STARTMSG 2110:1 @!@!@
Invariant inv_155706132656975000 is violated.
@!@!@ENDMSG 2110 @!@!@
@!@!@STARTMSG 2121:1 @!@!@
The behavior up to this point is:
@!@!@ENDMSG 2121 @!@!@
@!@!@STARTMSG 2217:4 @!@!@
1: <Initial predicate>
/\ x = 5
/\ pc = "Add"

@!@!@ENDMSG 2217 @!@!@
@!@!@STARTMSG 2217:4 @!@!@
2: <Action line 23, col 8 to line 25, col 22 of module example>
/\ x = 6
/\ pc = "Done"

@!@!@ENDMSG 2217 @!@!@
@!@!@STARTMSG 2201:0 @!@!@
The coverage statistics at 2019-05-05 10:02:07
@!@!@ENDMSG 2201 @!@!@
@!@!@STARTMSG 2221:0 @!@!@
  line 17, col 12 to line 17, col 12 of module example: 4
@!@!@ENDMSG 2221 @!@!@
@!@!@STARTMSG 2221:0 @!@!@
  line 17, col 15 to line 17, col 16 of module example: 4
@!@!@ENDMSG 2221 @!@!@
@!@!@STARTMSG 2221:0 @!@!@
  line 24, col 11 to line 24, col 20 of module example: 5
@!@!@ENDMSG 2221 @!@!@
@!@!@STARTMSG 2221:0 @!@!@
  line 25, col 11 to line 25, col 22 of module example: 5
@!@!@ENDMSG 2221 @!@!@
@!@!@STARTMSG 2202:0 @!@!@
End of statistics.
@!@!@ENDMSG 2202 @!@!@
@!@!@STARTMSG 2200:0 @!@!@
Progress(2) at 2019-05-05 10:02:07: 14 states generated (3.021 s/min), 10 distinct states found (2.158 ds/min), 0 states left on queue.
@!@!@ENDMSG 2200 @!@!@
@!@!@STARTMSG 2199:0 @!@!@
14 states generated, 10 distinct states found, 0 states left on queue.
@!@!@ENDMSG 2199 @!@!@
@!@!@STARTMSG 2194:0 @!@!@
The depth of the complete state graph search is 2.
@!@!@ENDMSG 2194 @!@!@
@!@!@STARTMSG 2186:0 @!@!@
Finished in 00s at (2019-05-05 10:02:07)
@!@!@ENDMSG 2186 @!@!@
